Build started 16/06/2014 16:40:08.
     1>Project "C:\Users\Admin\Documents\Visual Studio 2010\Projects\actual\zoomProject\osgdefault\osgdefault.vcxproj" on node 2 (build target(s)).
     1>InitializeBuildStatus:
         Creating "Debug\osgdefault.unsuccessfulbuild" because "AlwaysCreate" was specified.
       ClCompile:
         C:\Program Files (x86)\Microsoft Visual Studio 10.0\VC\bin\CL.exe /c /I"C:\OpenSceneGraph-3.0.1\include" /ZI /nologo /W3 /WX- /Od /Oy- /D WIN32 /D _WIN32 /D _DEBUG /D _MBCS /Gm /EHsc /RTC1 /MDd /GS /fp:precise /Zc:wchar_t /Zc:forScope /Fo"Debug\\" /Fd"Debug\vc100.pdb" /Gd /TP /analyze- /errorReport:prompt main.cpp
         main.cpp
       Link:
         C:\Program Files (x86)\Microsoft Visual Studio 10.0\VC\bin\link.exe /ERRORREPORT:PROMPT /OUT:"C:\Users\Admin\Documents\Visual Studio 2010\Projects\actual\zoomProject\Debug\osgdefault.exe" /NOLOGO /LIBPATH:"C:\OpenSceneGraph-3.0.1\lib" osgd.lib osgGAd.lib osgDBd.lib osgViewerd.lib osgTextd.lib osgUtild.lib OpenThreadsd.lib kernel32.lib user32.lib gdi32.lib winspool.lib comdlg32.lib advapi32.lib shell32.lib ole32.lib oleaut32.lib uuid.lib odbc32.lib odbccp32.lib /MANIFEST /ManifestFile:"Debug\osgdefault.exe.intermediate.manifest" /MANIFESTUAC:"level='asInvoker' uiAccess='false'" /DEBUG /PDB:"C:\Users\Admin\Documents\Visual Studio 2010\Projects\actual\zoomProject\Debug\osgdefault.pdb" /TLBID:1 /DYNAMICBASE /NXCOMPAT /IMPLIB:"C:\Users\Admin\Documents\Visual Studio 2010\Projects\actual\zoomProject\Debug\osgdefault.lib" /MACHINE:X86 Debug\Arco.obj
         Debug\main.obj
         Debug\Esfera.obj
         Debug\Nodo.obj
         Debug\Plano.obj
         Debug\Widget.obj
         Debug\WidgetFactory.obj
         LINK : no se encontró C:\Users\Admin\Documents\Visual Studio 2010\Projects\actual\zoomProject\Debug\osgdefault.exe o no lo generó el último vínculo incremental; ejecutando vínculo completo
         osgdefault.vcxproj -> C:\Users\Admin\Documents\Visual Studio 2010\Projects\actual\zoomProject\Debug\osgdefault.exe
       Manifest:
         C:\Program Files (x86)\Microsoft SDKs\Windows\v7.0A\bin\mt.exe /nologo /verbose /outputresource:"C:\Users\Admin\Documents\Visual Studio 2010\Projects\actual\zoomProject\Debug\osgdefault.exe;#1" /manifest Debug\osgdefault.exe.intermediate.manifest
       FinalizeBuildStatus:
         Deleting file "Debug\osgdefault.unsuccessfulbuild".
         Touching "Debug\osgdefault.lastbuildstate".
     1>Done Building Project "C:\Users\Admin\Documents\Visual Studio 2010\Projects\actual\zoomProject\osgdefault\osgdefault.vcxproj" (build target(s)).

Compilación correcta.

Time Elapsed 00:00:07.32
