Build started 5/23/2014 12:00:31 PM.
     1>Project "C:\Users\Adm\documents\visual studio 2010\Projects\osgdefault\osgdefault\osgdefault.vcxproj" on node 2 (build target(s)).
     1>PrepareForBuild:
         Creating directory "C:\Users\Adm\documents\visual studio 2010\Projects\osgdefault\Release\".
       InitializeBuildStatus:
         Creating "Release\osgdefault.unsuccessfulbuild" because "AlwaysCreate" was specified.
       ClCompile:
         C:\Program Files (x86)\Microsoft Visual Studio 10.0\VC\bin\CL.exe /c /I"C:\OpenSceneGraph-3.0.1\include" /Zi /nologo /W3 /WX- /O2 /Oi /Oy- /GL /D WIN32 /D _WIN32 /D NDEBUG /D _MBCS /Gm- /EHsc /MD /GS /Gy /fp:precise /Zc:wchar_t /Zc:forScope /Fo"Release\\" /Fd"Release\vc100.pdb" /Gd /TP /analyze- /errorReport:prompt BasicGeometry.cpp
         BasicGeometry.cpp
       Link:
         C:\Program Files (x86)\Microsoft Visual Studio 10.0\VC\bin\link.exe /ERRORREPORT:PROMPT /OUT:"C:\Users\Adm\documents\visual studio 2010\Projects\osgdefault\Release\osgdefault.exe" /NOLOGO /LIBPATH:"C:\OpenSceneGraph-3.0.1\lib" osg.lib osgGA.lib osgDB.lib osgViewer.lib osgText.lib osgUtil.lib OpenThreads.lib kernel32.lib user32.lib gdi32.lib winspool.lib comdlg32.lib advapi32.lib shell32.lib ole32.lib oleaut32.lib uuid.lib odbc32.lib odbccp32.lib /MANIFEST /ManifestFile:"Release\osgdefault.exe.intermediate.manifest" /MANIFESTUAC:"level='asInvoker' uiAccess='false'" /DEBUG /PDB:"C:\Users\Adm\documents\visual studio 2010\Projects\osgdefault\Release\osgdefault.pdb" /OPT:REF /OPT:ICF /LTCG /TLBID:1 /DYNAMICBASE /NXCOMPAT /IMPLIB:"C:\Users\Adm\documents\visual studio 2010\Projects\osgdefault\Release\osgdefault.lib" /MACHINE:X86 Release\BasicGeometry.obj
         Generando código
         Generación de código finalizada
         osgdefault.vcxproj -> C:\Users\Adm\documents\visual studio 2010\Projects\osgdefault\Release\osgdefault.exe
       Manifest:
         C:\Program Files (x86)\Microsoft SDKs\Windows\v7.0A\bin\mt.exe /nologo /verbose /outputresource:"C:\Users\Adm\documents\visual studio 2010\Projects\osgdefault\Release\osgdefault.exe;#1" /manifest Release\osgdefault.exe.intermediate.manifest
       FinalizeBuildStatus:
         Deleting file "Release\osgdefault.unsuccessfulbuild".
         Touching "Release\osgdefault.lastbuildstate".
     1>Done Building Project "C:\Users\Adm\documents\visual studio 2010\Projects\osgdefault\osgdefault\osgdefault.vcxproj" (build target(s)).

Compilación correcta.

Time Elapsed 00:00:15.96
